<?xml version="1.0" encoding="UTF-8"?>
<testsuite xmlns:xsi="http://www.w3.org/2001/XMLSchema-instance" xsi:noNamespaceSchemaLocation="https://maven.apache.org/surefire/maven-surefire-plugin/xsd/surefire-test-report.xsd" name="com.msg.group.com.msg.GroupTest" time="3.716" tests="2" errors="0" skipped="0" failures="0">
  <properties>
[...]
</properties>
  <testcase name="validate_shouldReturnPersonWithIdOne" classname="com.msg.group.com.msg.GroupTest" time="0.626"/>
  <testcase name="validate_shouldReturnWithErrorMessageIfWrongPersonId" classname="com.msg.group.com.msg.GroupTest" time="0.013"/>
</testsuite>